<?xml version="1.0" encoding="UTF-8"?>
<coverage generated="1579546367">
  <project timestamp="1579546367">
    <package name="AdrianoFerreira\DD">
      <file name="/Users/adriano/sites/document-distance/src/DocumentDistance.php">
        <class name="AdrianoFerreira\DD\DocumentDistance" namespace="AdrianoFerreira\DD">
          <metrics complexity="18" methods="4" coveredmethods="4" conditionals="0" coveredconditionals="0" statements="32" coveredstatements="32" elements="36" coveredelements="36"/>
        </class>
        <line num="11" type="method" name="getPercent" visibility="public" complexity="1" crap="1" count="18"/>
        <line num="13" type="stmt" count="18"/>
        <line num="15" type="stmt" count="18"/>
        <line num="18" type="method" name="getArcSize" visibility="public" complexity="1" crap="1" count="18"/>
        <line num="20" type="stmt" count="18"/>
        <line num="21" type="stmt" count="18"/>
        <line num="23" type="stmt" count="18"/>
        <line num="24" type="stmt" count="18"/>
        <line num="25" type="stmt" count="18"/>
        <line num="27" type="stmt" count="18"/>
        <line num="30" type="method" name="innerProduct" visibility="private" complexity="4" crap="4" count="18"/>
        <line num="32" type="stmt" count="18"/>
        <line num="33" type="stmt" count="18"/>
        <line num="34" type="stmt" count="18"/>
        <line num="35" type="stmt" count="18"/>
        <line num="36" type="stmt" count="18"/>
        <line num="41" type="stmt" count="18"/>
        <line num="44" type="method" name="getFrequency" visibility="private" complexity="10" crap="10" count="18"/>
        <line num="46" type="stmt" count="18"/>
        <line num="47" type="stmt" count="18"/>
        <line num="48" type="stmt" count="18"/>
        <line num="50" type="stmt" count="18"/>
        <line num="52" type="stmt" count="18"/>
        <line num="53" type="stmt" count="18"/>
        <line num="54" type="stmt" count="18"/>
        <line num="55" type="stmt" count="18"/>
        <line num="58" type="stmt" count="18"/>
        <line num="59" type="stmt" count="18"/>
        <line num="62" type="stmt" count="18"/>
        <line num="63" type="stmt" count="18"/>
        <line num="64" type="stmt" count="18"/>
        <line num="67" type="stmt" count="18"/>
        <line num="68" type="stmt" count="6"/>
        <line num="71" type="stmt" count="18"/>
        <line num="72" type="stmt" count="18"/>
        <line num="76" type="stmt" count="18"/>
        <metrics loc="77" ncloc="77" classes="1" methods="4" coveredmethods="4" conditionals="0" coveredconditionals="0" statements="32" coveredstatements="32" elements="36" coveredelements="36"/>
      </file>
      <file name="/Users/adriano/sites/document-distance/src/File.php">
        <class name="AdrianoFerreira\DD\File" namespace="AdrianoFerreira\DD">
          <metrics complexity="8" methods="4" coveredmethods="3" conditionals="0" coveredconditionals="0" statements="20" coveredstatements="18" elements="24" coveredelements="21"/>
        </class>
        <line num="12" type="method" name="__construct" visibility="public" complexity="1" crap="1" count="9"/>
        <line num="14" type="stmt" count="9"/>
        <line num="15" type="stmt" count="9"/>
        <line num="17" type="method" name="getText1" visibility="protected" complexity="1" crap="1" count="9"/>
        <line num="19" type="stmt" count="9"/>
        <line num="22" type="method" name="getText2" visibility="protected" complexity="1" crap="1" count="9"/>
        <line num="24" type="stmt" count="9"/>
        <line num="27" type="method" name="getFilesData" visibility="private" complexity="5" crap="5.05" count="9"/>
        <line num="29" type="stmt" count="9"/>
        <line num="30" type="stmt" count="0"/>
        <line num="33" type="stmt" count="9"/>
        <line num="34" type="stmt" count="0"/>
        <line num="37" type="stmt" count="9"/>
        <line num="38" type="stmt" count="9"/>
        <line num="40" type="stmt" count="9"/>
        <line num="41" type="stmt" count="9"/>
        <line num="43" type="stmt" count="9"/>
        <line num="44" type="stmt" count="9"/>
        <line num="46" type="stmt" count="9"/>
        <line num="47" type="stmt" count="9"/>
        <line num="48" type="stmt" count="9"/>
        <line num="50" type="stmt" count="9"/>
        <line num="51" type="stmt" count="9"/>
        <line num="54" type="stmt" count="9"/>
        <metrics loc="55" ncloc="55" classes="1" methods="4" coveredmethods="3" conditionals="0" coveredconditionals="0" statements="20" coveredstatements="18" elements="24" coveredelements="21"/>
      </file>
      <file name="/Users/adriano/sites/document-distance/src/Text.php">
        <class name="AdrianoFerreira\DD\Text" namespace="AdrianoFerreira\DD">
          <metrics complexity="3" methods="3" coveredmethods="3" conditionals="0" coveredconditionals="0" statements="5" coveredstatements="5" elements="8" coveredelements="8"/>
        </class>
        <line num="10" type="method" name="__construct" visibility="public" complexity="1" crap="1" count="9"/>
        <line num="12" type="stmt" count="9"/>
        <line num="13" type="stmt" count="9"/>
        <line num="14" type="stmt" count="9"/>
        <line num="16" type="method" name="getText1" visibility="protected" complexity="1" crap="1" count="9"/>
        <line num="18" type="stmt" count="9"/>
        <line num="21" type="method" name="getText2" visibility="protected" complexity="1" crap="1" count="9"/>
        <line num="23" type="stmt" count="9"/>
        <metrics loc="24" ncloc="24" classes="1" methods="3" coveredmethods="3" conditionals="0" coveredconditionals="0" statements="5" coveredstatements="5" elements="8" coveredelements="8"/>
      </file>
    </package>
    <metrics files="3" loc="156" ncloc="156" classes="3" methods="11" coveredmethods="10" conditionals="0" coveredconditionals="0" statements="57" coveredstatements="55" elements="68" coveredelements="65"/>
  </project>
</coverage>
